Analysis & Synthesis report for lab2
Sun Mar 13 13:57:21 2016
Quartus II Version 10.1 Build 153 11/29/2010 SJ Web Edition


---------------------
; Table of Contents ;
---------------------
  1. Legal Notice
  2. Analysis & Synthesis Summary
  3. Analysis & Synthesis Settings
  4. Parallel Compilation
  5. Analysis & Synthesis Source Files Read
  6. Analysis & Synthesis Resource Usage Summary
  7. Analysis & Synthesis Resource Utilization by Entity
  8. Registers Removed During Synthesis
  9. General Register Statistics
 10. Inverted Register Statistics
 11. Multiplexer Restructuring Statistics (Restructuring Performed)
 12. Parameter Settings for User Entity Instance: controller:inst3
 13. Parameter Settings for User Entity Instance: button_debouncer:inst
 14. Parameter Settings for User Entity Instance: button_debouncer:inst1
 15. Parameter Settings for User Entity Instance: button_debouncer:inst2
 16. Parameter Settings for Inferred Entity Instance: seg7view:inst7|lpm_divide:Mod0
 17. Parameter Settings for Inferred Entity Instance: seg7view:inst7|lpm_divide:Div0
 18. Parameter Settings for Inferred Entity Instance: seg7view:inst7|lpm_divide:Mod1
 19. Parameter Settings for Inferred Entity Instance: seg7view:inst6|lpm_divide:Mod0
 20. Parameter Settings for Inferred Entity Instance: seg7view:inst6|lpm_divide:Div0
 21. Parameter Settings for Inferred Entity Instance: seg7view:inst6|lpm_divide:Mod1
 22. Elapsed Time Per Partition
 23. Analysis & Synthesis Messages
 24. Analysis & Synthesis Suppressed Messages



----------------
; Legal Notice ;
----------------
Copyright (C) 1991-2010 Altera Corporation
Your use of Altera Corporation's design tools, logic functions 
and other software and tools, and its AMPP partner logic 
functions, and any output files from any of the foregoing 
(including device programming or simulation files), and any 
associated documentation or information are expressly subject 
to the terms and conditions of the Altera Program License 
Subscription Agreement, Altera MegaCore Function License 
Agreement, or other applicable license agreement, including, 
without limitation, that your use is for the sole purpose of 
programming logic devices manufactured by Altera and sold by 
Altera or its authorized distributors.  Please refer to the 
applicable agreement for further details.



+-------------------------------------------------------------------------------+
; Analysis & Synthesis Summary                                                  ;
+------------------------------------+------------------------------------------+
; Analysis & Synthesis Status        ; Successful - Sun Mar 13 13:57:20 2016    ;
; Quartus II Version                 ; 10.1 Build 153 11/29/2010 SJ Web Edition ;
; Revision Name                      ; lab2                                     ;
; Top-level Entity Name              ; lab2                                     ;
; Family                             ; Cyclone III                              ;
; Total logic elements               ; 529                                      ;
;     Total combinational functions  ; 517                                      ;
;     Dedicated logic registers      ; 172                                      ;
; Total registers                    ; 172                                      ;
; Total pins                         ; 58                                       ;
; Total virtual pins                 ; 0                                        ;
; Total memory bits                  ; 0                                        ;
; Embedded Multiplier 9-bit elements ; 0                                        ;
; Total PLLs                         ; 0                                        ;
+------------------------------------+------------------------------------------+


+----------------------------------------------------------------------------------------------------------------------+
; Analysis & Synthesis Settings                                                                                        ;
+----------------------------------------------------------------------------+--------------------+--------------------+
; Option                                                                     ; Setting            ; Default Value      ;
+----------------------------------------------------------------------------+--------------------+--------------------+
; Device                                                                     ; EP3C16F484C6       ;                    ;
; Top-level entity name                                                      ; lab2               ; lab2               ;
; Family name                                                                ; Cyclone III        ; Cyclone IV GX      ;
; Use smart compilation                                                      ; Off                ; Off                ;
; Enable parallel Assembler and TimeQuest Timing Analyzer during compilation ; On                 ; On                 ;
; Enable compact report table                                                ; Off                ; Off                ;
; Restructure Multiplexers                                                   ; Auto               ; Auto               ;
; Create Debugging Nodes for IP Cores                                        ; Off                ; Off                ;
; Preserve fewer node names                                                  ; On                 ; On                 ;
; Disable OpenCore Plus hardware evaluation                                  ; Off                ; Off                ;
; Verilog Version                                                            ; Verilog_2001       ; Verilog_2001       ;
; VHDL Version                                                               ; VHDL_1993          ; VHDL_1993          ;
; State Machine Processing                                                   ; Auto               ; Auto               ;
; Safe State Machine                                                         ; Off                ; Off                ;
; Extract Verilog State Machines                                             ; On                 ; On                 ;
; Extract VHDL State Machines                                                ; On                 ; On                 ;
; Ignore Verilog initial constructs                                          ; Off                ; Off                ;
; Iteration limit for constant Verilog loops                                 ; 5000               ; 5000               ;
; Iteration limit for non-constant Verilog loops                             ; 250                ; 250                ;
; Add Pass-Through Logic to Inferred RAMs                                    ; On                 ; On                 ;
; Parallel Synthesis                                                         ; On                 ; On                 ;
; DSP Block Balancing                                                        ; Auto               ; Auto               ;
; NOT Gate Push-Back                                                         ; On                 ; On                 ;
; Power-Up Don't Care                                                        ; On                 ; On                 ;
; Remove Redundant Logic Cells                                               ; Off                ; Off                ;
; Remove Duplicate Registers                                                 ; On                 ; On                 ;
; Ignore CARRY Buffers                                                       ; Off                ; Off                ;
; Ignore CASCADE Buffers                                                     ; Off                ; Off                ;
; Ignore GLOBAL Buffers                                                      ; Off                ; Off                ;
; Ignore ROW GLOBAL Buffers                                                  ; Off                ; Off                ;
; Ignore LCELL Buffers                                                       ; Off                ; Off                ;
; Ignore SOFT Buffers                                                        ; On                 ; On                 ;
; Limit AHDL Integers to 32 Bits                                             ; Off                ; Off                ;
; Optimization Technique                                                     ; Balanced           ; Balanced           ;
; Carry Chain Length                                                         ; 70                 ; 70                 ;
; Auto Carry Chains                                                          ; On                 ; On                 ;
; Auto Open-Drain Pins                                                       ; On                 ; On                 ;
; Perform WYSIWYG Primitive Resynthesis                                      ; Off                ; Off                ;
; Auto ROM Replacement                                                       ; On                 ; On                 ;
; Auto RAM Replacement                                                       ; On                 ; On                 ;
; Auto DSP Block Replacement                                                 ; On                 ; On                 ;
; Auto Shift Register Replacement                                            ; Auto               ; Auto               ;
; Auto Clock Enable Replacement                                              ; On                 ; On                 ;
; Strict RAM Replacement                                                     ; Off                ; Off                ;
; Allow Synchronous Control Signals                                          ; On                 ; On                 ;
; Force Use of Synchronous Clear Signals                                     ; Off                ; Off                ;
; Auto RAM Block Balancing                                                   ; On                 ; On                 ;
; Auto RAM to Logic Cell Conversion                                          ; Off                ; Off                ;
; Auto Resource Sharing                                                      ; Off                ; Off                ;
; Allow Any RAM Size For Recognition                                         ; Off                ; Off                ;
; Allow Any ROM Size For Recognition                                         ; Off                ; Off                ;
; Allow Any Shift Register Size For Recognition                              ; Off                ; Off                ;
; Use LogicLock Constraints during Resource Balancing                        ; On                 ; On                 ;
; Ignore translate_off and synthesis_off directives                          ; Off                ; Off                ;
; Timing-Driven Synthesis                                                    ; On                 ; On                 ;
; Report Parameter Settings                                                  ; On                 ; On                 ;
; Report Source Assignments                                                  ; On                 ; On                 ;
; Report Connectivity Checks                                                 ; On                 ; On                 ;
; Ignore Maximum Fan-Out Assignments                                         ; Off                ; Off                ;
; Synchronization Register Chain Length                                      ; 2                  ; 2                  ;
; PowerPlay Power Optimization                                               ; Normal compilation ; Normal compilation ;
; HDL message level                                                          ; Level2             ; Level2             ;
; Suppress Register Optimization Related Messages                            ; Off                ; Off                ;
; Number of Removed Registers Reported in Synthesis Report                   ; 5000               ; 5000               ;
; Number of Inverted Registers Reported in Synthesis Report                  ; 100                ; 100                ;
; Clock MUX Protection                                                       ; On                 ; On                 ;
; Auto Gated Clock Conversion                                                ; Off                ; Off                ;
; Block Design Naming                                                        ; Auto               ; Auto               ;
; SDC constraint protection                                                  ; Off                ; Off                ;
; Synthesis Effort                                                           ; Auto               ; Auto               ;
; Shift Register Replacement - Allow Asynchronous Clear Signal               ; On                 ; On                 ;
; Analysis & Synthesis Message Level                                         ; Medium             ; Medium             ;
; Disable Register Merging Across Hierarchies                                ; Auto               ; Auto               ;
; Resource Aware Inference For Block RAM                                     ; On                 ; On                 ;
; Synthesis Seed                                                             ; 1                  ; 1                  ;
+----------------------------------------------------------------------------+--------------------+--------------------+


+------------------------------------------+
; Parallel Compilation                     ;
+----------------------------+-------------+
; Processors                 ; Number      ;
+----------------------------+-------------+
; Number detected on machine ; 2           ;
; Maximum allowed            ; 2           ;
;                            ;             ;
; Average used               ; 1.00        ;
; Maximum used               ; 1           ;
;                            ;             ;
; Usage by Processor         ; % Time Used ;
;     1 processor            ; 100.0%      ;
;     2 processors           ;   0.0%      ;
+----------------------------+-------------+


+----------------------------------------------------------------------------------------------------------------------------------------------------+
; Analysis & Synthesis Source Files Read                                                                                                             ;
+----------------------------------+-----------------+------------------------------------+----------------------------------------------------------+
; File Name with User-Entered Path ; Used in Netlist ; File Type                          ; File Name with Absolute Path                             ;
+----------------------------------+-----------------+------------------------------------+----------------------------------------------------------+
; button_debouncer.v               ; yes             ; User Verilog HDL File              ; C:/Users/JH/Desktop/hw3/lab2/button_debouncer.v          ;
; Seg7view.v                       ; yes             ; User Verilog HDL File              ; C:/Users/JH/Desktop/hw3/lab2/Seg7view.v                  ;
; my_pll.v                         ; yes             ; User Verilog HDL File              ; C:/Users/JH/Desktop/hw3/lab2/my_pll.v                    ;
; Ball.v                           ; yes             ; User Verilog HDL File              ; C:/Users/JH/Desktop/hw3/lab2/Ball.v                      ;
; Controller.v                     ; yes             ; User Verilog HDL File              ; C:/Users/JH/Desktop/hw3/lab2/Controller.v                ;
; lab2.bdf                         ; yes             ; User Block Diagram/Schematic File  ; C:/Users/JH/Desktop/hw3/lab2/lab2.bdf                    ;
; lpm_divide.tdf                   ; yes             ; Megafunction                       ; i:/altera/quartus/libraries/megafunctions/lpm_divide.tdf ;
; db/lpm_divide_pno.tdf            ; yes             ; Auto-Generated Megafunction        ; C:/Users/JH/Desktop/hw3/lab2/db/lpm_divide_pno.tdf       ;
; db/abs_divider_qbg.tdf           ; yes             ; Auto-Generated Megafunction        ; C:/Users/JH/Desktop/hw3/lab2/db/abs_divider_qbg.tdf      ;
; db/alt_u_div_96f.tdf             ; yes             ; Auto-Generated Megafunction        ; C:/Users/JH/Desktop/hw3/lab2/db/alt_u_div_96f.tdf        ;
; db/add_sub_unc.tdf               ; yes             ; Auto-Generated Megafunction        ; C:/Users/JH/Desktop/hw3/lab2/db/add_sub_unc.tdf          ;
; db/add_sub_vnc.tdf               ; yes             ; Auto-Generated Megafunction        ; C:/Users/JH/Desktop/hw3/lab2/db/add_sub_vnc.tdf          ;
; db/lpm_abs_st9.tdf               ; yes             ; Auto-Generated Megafunction        ; C:/Users/JH/Desktop/hw3/lab2/db/lpm_abs_st9.tdf          ;
; db/lpm_abs_cv9.tdf               ; yes             ; Auto-Generated Megafunction        ; C:/Users/JH/Desktop/hw3/lab2/db/lpm_abs_cv9.tdf          ;
; db/lpm_divide_3uo.tdf            ; yes             ; Auto-Generated Megafunction        ; C:/Users/JH/Desktop/hw3/lab2/db/lpm_divide_3uo.tdf       ;
; db/abs_divider_7ag.tdf           ; yes             ; Auto-Generated Megafunction        ; C:/Users/JH/Desktop/hw3/lab2/db/abs_divider_7ag.tdf      ;
; db/alt_u_div_33f.tdf             ; yes             ; Auto-Generated Megafunction        ; C:/Users/JH/Desktop/hw3/lab2/db/alt_u_div_33f.tdf        ;
; db/lpm_abs_pt9.tdf               ; yes             ; Auto-Generated Megafunction        ; C:/Users/JH/Desktop/hw3/lab2/db/lpm_abs_pt9.tdf          ;
; db/lpm_divide_mno.tdf            ; yes             ; Auto-Generated Megafunction        ; C:/Users/JH/Desktop/hw3/lab2/db/lpm_divide_mno.tdf       ;
; db/abs_divider_nbg.tdf           ; yes             ; Auto-Generated Megafunction        ; C:/Users/JH/Desktop/hw3/lab2/db/abs_divider_nbg.tdf      ;
; db/alt_u_div_36f.tdf             ; yes             ; Auto-Generated Megafunction        ; C:/Users/JH/Desktop/hw3/lab2/db/alt_u_div_36f.tdf        ;
+----------------------------------+-----------------+------------------------------------+----------------------------------------------------------+


+---------------------------------------------------------+
; Analysis & Synthesis Resource Usage Summary             ;
+---------------------------------------------+-----------+
; Resource                                    ; Usage     ;
+---------------------------------------------+-----------+
; Estimated Total logic elements              ; 529       ;
;                                             ;           ;
; Total combinational functions               ; 517       ;
; Logic element usage by number of LUT inputs ;           ;
;     -- 4 input functions                    ; 175       ;
;     -- 3 input functions                    ; 92        ;
;     -- <=2 input functions                  ; 250       ;
;                                             ;           ;
; Logic elements by mode                      ;           ;
;     -- normal mode                          ; 344       ;
;     -- arithmetic mode                      ; 173       ;
;                                             ;           ;
; Total registers                             ; 172       ;
;     -- Dedicated logic registers            ; 172       ;
;     -- I/O registers                        ; 0         ;
;                                             ;           ;
; I/O pins                                    ; 58        ;
; Maximum fan-out node                        ; clk~input ;
; Maximum fan-out                             ; 158       ;
; Total fan-out                               ; 2083      ;
; Average fan-out                             ; 2.56      ;
+---------------------------------------------+-----------+


+-----------------------------------------------------------------------------------------------------------------------------------------------------------------------------------------------------------------------------------------------------------------------------------------+
; Analysis & Synthesis Resource Utilization by Entity                                                                                                                                                                                                                                     ;
+------------------------------------------+-------------------+--------------+-------------+--------------+---------+-----------+------+--------------+-------------------------------------------------------------------------------------------------------------------+--------------+
; Compilation Hierarchy Node               ; LC Combinationals ; LC Registers ; Memory Bits ; DSP Elements ; DSP 9x9 ; DSP 18x18 ; Pins ; Virtual Pins ; Full Hierarchy Name                                                                                               ; Library Name ;
+------------------------------------------+-------------------+--------------+-------------+--------------+---------+-----------+------+--------------+-------------------------------------------------------------------------------------------------------------------+--------------+
; |lab2                                    ; 517 (1)           ; 172 (0)      ; 0           ; 0            ; 0       ; 0         ; 58   ; 0            ; |lab2                                                                                                             ;              ;
;    |ball:inst5|                          ; 19 (19)           ; 14 (14)      ; 0           ; 0            ; 0       ; 0         ; 0    ; 0            ; |lab2|ball:inst5                                                                                                  ;              ;
;    |button_debouncer:inst1|              ; 37 (37)           ; 26 (26)      ; 0           ; 0            ; 0       ; 0         ; 0    ; 0            ; |lab2|button_debouncer:inst1                                                                                      ;              ;
;    |button_debouncer:inst2|              ; 1 (1)             ; 5 (5)        ; 0           ; 0            ; 0       ; 0         ; 0    ; 0            ; |lab2|button_debouncer:inst2                                                                                      ;              ;
;    |button_debouncer:inst|               ; 8 (8)             ; 5 (5)        ; 0           ; 0            ; 0       ; 0         ; 0    ; 0            ; |lab2|button_debouncer:inst                                                                                       ;              ;
;    |controller:inst3|                    ; 174 (174)         ; 89 (89)      ; 0           ; 0            ; 0       ; 0         ; 0    ; 0            ; |lab2|controller:inst3                                                                                            ;              ;
;    |my_pll:inst4|                        ; 75 (75)           ; 33 (33)      ; 0           ; 0            ; 0       ; 0         ; 0    ; 0            ; |lab2|my_pll:inst4                                                                                                ;              ;
;    |seg7view:inst6|                      ; 101 (23)          ; 0 (0)        ; 0           ; 0            ; 0       ; 0         ; 0    ; 0            ; |lab2|seg7view:inst6                                                                                              ;              ;
;       |lpm_divide:Div0|                  ; 37 (0)            ; 0 (0)        ; 0           ; 0            ; 0       ; 0         ; 0    ; 0            ; |lab2|seg7view:inst6|lpm_divide:Div0                                                                              ;              ;
;          |lpm_divide_3uo:auto_generated| ; 37 (0)            ; 0 (0)        ; 0           ; 0            ; 0       ; 0         ; 0    ; 0            ; |lab2|seg7view:inst6|lpm_divide:Div0|lpm_divide_3uo:auto_generated                                                ;              ;
;             |abs_divider_7ag:divider|    ; 37 (0)            ; 0 (0)        ; 0           ; 0            ; 0       ; 0         ; 0    ; 0            ; |lab2|seg7view:inst6|lpm_divide:Div0|lpm_divide_3uo:auto_generated|abs_divider_7ag:divider                        ;              ;
;                |alt_u_div_33f:divider|   ; 37 (37)           ; 0 (0)        ; 0           ; 0            ; 0       ; 0         ; 0    ; 0            ; |lab2|seg7view:inst6|lpm_divide:Div0|lpm_divide_3uo:auto_generated|abs_divider_7ag:divider|alt_u_div_33f:divider  ;              ;
;                |lpm_abs_st9:my_abs_num|  ; 0 (0)             ; 0 (0)        ; 0           ; 0            ; 0       ; 0         ; 0    ; 0            ; |lab2|seg7view:inst6|lpm_divide:Div0|lpm_divide_3uo:auto_generated|abs_divider_7ag:divider|lpm_abs_st9:my_abs_num ;              ;
;       |lpm_divide:Mod1|                  ; 41 (0)            ; 0 (0)        ; 0           ; 0            ; 0       ; 0         ; 0    ; 0            ; |lab2|seg7view:inst6|lpm_divide:Mod1                                                                              ;              ;
;          |lpm_divide_mno:auto_generated| ; 41 (0)            ; 0 (0)        ; 0           ; 0            ; 0       ; 0         ; 0    ; 0            ; |lab2|seg7view:inst6|lpm_divide:Mod1|lpm_divide_mno:auto_generated                                                ;              ;
;             |abs_divider_nbg:divider|    ; 41 (0)            ; 0 (0)        ; 0           ; 0            ; 0       ; 0         ; 0    ; 0            ; |lab2|seg7view:inst6|lpm_divide:Mod1|lpm_divide_mno:auto_generated|abs_divider_nbg:divider                        ;              ;
;                |alt_u_div_36f:divider|   ; 41 (41)           ; 0 (0)        ; 0           ; 0            ; 0       ; 0         ; 0    ; 0            ; |lab2|seg7view:inst6|lpm_divide:Mod1|lpm_divide_mno:auto_generated|abs_divider_nbg:divider|alt_u_div_36f:divider  ;              ;
;    |seg7view:inst7|                      ; 101 (23)          ; 0 (0)        ; 0           ; 0            ; 0       ; 0         ; 0    ; 0            ; |lab2|seg7view:inst7                                                                                              ;              ;
;       |lpm_divide:Div0|                  ; 37 (0)            ; 0 (0)        ; 0           ; 0            ; 0       ; 0         ; 0    ; 0            ; |lab2|seg7view:inst7|lpm_divide:Div0                                                                              ;              ;
;          |lpm_divide_3uo:auto_generated| ; 37 (0)            ; 0 (0)        ; 0           ; 0            ; 0       ; 0         ; 0    ; 0            ; |lab2|seg7view:inst7|lpm_divide:Div0|lpm_divide_3uo:auto_generated                                                ;              ;
;             |abs_divider_7ag:divider|    ; 37 (0)            ; 0 (0)        ; 0           ; 0            ; 0       ; 0         ; 0    ; 0            ; |lab2|seg7view:inst7|lpm_divide:Div0|lpm_divide_3uo:auto_generated|abs_divider_7ag:divider                        ;              ;
;                |alt_u_div_33f:divider|   ; 37 (37)           ; 0 (0)        ; 0           ; 0            ; 0       ; 0         ; 0    ; 0            ; |lab2|seg7view:inst7|lpm_divide:Div0|lpm_divide_3uo:auto_generated|abs_divider_7ag:divider|alt_u_div_33f:divider  ;              ;
;                |lpm_abs_st9:my_abs_num|  ; 0 (0)             ; 0 (0)        ; 0           ; 0            ; 0       ; 0         ; 0    ; 0            ; |lab2|seg7view:inst7|lpm_divide:Div0|lpm_divide_3uo:auto_generated|abs_divider_7ag:divider|lpm_abs_st9:my_abs_num ;              ;
;       |lpm_divide:Mod1|                  ; 41 (0)            ; 0 (0)        ; 0           ; 0            ; 0       ; 0         ; 0    ; 0            ; |lab2|seg7view:inst7|lpm_divide:Mod1                                                                              ;              ;
;          |lpm_divide_mno:auto_generated| ; 41 (0)            ; 0 (0)        ; 0           ; 0            ; 0       ; 0         ; 0    ; 0            ; |lab2|seg7view:inst7|lpm_divide:Mod1|lpm_divide_mno:auto_generated                                                ;              ;
;             |abs_divider_nbg:divider|    ; 41 (0)            ; 0 (0)        ; 0           ; 0            ; 0       ; 0         ; 0    ; 0            ; |lab2|seg7view:inst7|lpm_divide:Mod1|lpm_divide_mno:auto_generated|abs_divider_nbg:divider                        ;              ;
;                |alt_u_div_36f:divider|   ; 41 (41)           ; 0 (0)        ; 0           ; 0            ; 0       ; 0         ; 0    ; 0            ; |lab2|seg7view:inst7|lpm_divide:Mod1|lpm_divide_mno:auto_generated|abs_divider_nbg:divider|alt_u_div_36f:divider  ;              ;
+------------------------------------------+-------------------+--------------+-------------+--------------+---------+-----------+------+--------------+-------------------------------------------------------------------------------------------------------------------+--------------+
Note: For table entries with two numbers listed, the numbers in parentheses indicate the number of resources of the given type used by the specific entity alone. The numbers listed outside of parentheses indicate the total resources of the given type used by the specific entity and all of its sub-entities in the hierarchy.


+-----------------------------------------------------------------------------------------+
; Registers Removed During Synthesis                                                      ;
+----------------------------------------+------------------------------------------------+
; Register name                          ; Reason for Removal                             ;
+----------------------------------------+------------------------------------------------+
; button_debouncer:inst2|counter[20]     ; Merged with button_debouncer:inst1|counter[20] ;
; button_debouncer:inst|counter[20]      ; Merged with button_debouncer:inst1|counter[20] ;
; button_debouncer:inst2|counter[19]     ; Merged with button_debouncer:inst1|counter[19] ;
; button_debouncer:inst|counter[19]      ; Merged with button_debouncer:inst1|counter[19] ;
; button_debouncer:inst2|counter[18]     ; Merged with button_debouncer:inst1|counter[18] ;
; button_debouncer:inst|counter[18]      ; Merged with button_debouncer:inst1|counter[18] ;
; button_debouncer:inst2|counter[17]     ; Merged with button_debouncer:inst1|counter[17] ;
; button_debouncer:inst|counter[17]      ; Merged with button_debouncer:inst1|counter[17] ;
; button_debouncer:inst2|counter[16]     ; Merged with button_debouncer:inst1|counter[16] ;
; button_debouncer:inst|counter[16]      ; Merged with button_debouncer:inst1|counter[16] ;
; button_debouncer:inst2|counter[15]     ; Merged with button_debouncer:inst1|counter[15] ;
; button_debouncer:inst|counter[15]      ; Merged with button_debouncer:inst1|counter[15] ;
; button_debouncer:inst2|counter[14]     ; Merged with button_debouncer:inst1|counter[14] ;
; button_debouncer:inst|counter[14]      ; Merged with button_debouncer:inst1|counter[14] ;
; button_debouncer:inst2|counter[13]     ; Merged with button_debouncer:inst1|counter[13] ;
; button_debouncer:inst|counter[13]      ; Merged with button_debouncer:inst1|counter[13] ;
; button_debouncer:inst2|counter[12]     ; Merged with button_debouncer:inst1|counter[12] ;
; button_debouncer:inst|counter[12]      ; Merged with button_debouncer:inst1|counter[12] ;
; button_debouncer:inst2|counter[11]     ; Merged with button_debouncer:inst1|counter[11] ;
; button_debouncer:inst|counter[11]      ; Merged with button_debouncer:inst1|counter[11] ;
; button_debouncer:inst2|counter[10]     ; Merged with button_debouncer:inst1|counter[10] ;
; button_debouncer:inst|counter[10]      ; Merged with button_debouncer:inst1|counter[10] ;
; button_debouncer:inst2|counter[9]      ; Merged with button_debouncer:inst1|counter[9]  ;
; button_debouncer:inst|counter[9]       ; Merged with button_debouncer:inst1|counter[9]  ;
; button_debouncer:inst2|counter[8]      ; Merged with button_debouncer:inst1|counter[8]  ;
; button_debouncer:inst|counter[8]       ; Merged with button_debouncer:inst1|counter[8]  ;
; button_debouncer:inst2|counter[7]      ; Merged with button_debouncer:inst1|counter[7]  ;
; button_debouncer:inst|counter[7]       ; Merged with button_debouncer:inst1|counter[7]  ;
; button_debouncer:inst2|counter[6]      ; Merged with button_debouncer:inst1|counter[6]  ;
; button_debouncer:inst|counter[6]       ; Merged with button_debouncer:inst1|counter[6]  ;
; button_debouncer:inst2|counter[5]      ; Merged with button_debouncer:inst1|counter[5]  ;
; button_debouncer:inst|counter[5]       ; Merged with button_debouncer:inst1|counter[5]  ;
; button_debouncer:inst2|counter[4]      ; Merged with button_debouncer:inst1|counter[4]  ;
; button_debouncer:inst|counter[4]       ; Merged with button_debouncer:inst1|counter[4]  ;
; button_debouncer:inst2|counter[3]      ; Merged with button_debouncer:inst1|counter[3]  ;
; button_debouncer:inst|counter[3]       ; Merged with button_debouncer:inst1|counter[3]  ;
; button_debouncer:inst2|counter[2]      ; Merged with button_debouncer:inst1|counter[2]  ;
; button_debouncer:inst|counter[2]       ; Merged with button_debouncer:inst1|counter[2]  ;
; button_debouncer:inst2|counter[1]      ; Merged with button_debouncer:inst1|counter[1]  ;
; button_debouncer:inst|counter[1]       ; Merged with button_debouncer:inst1|counter[1]  ;
; button_debouncer:inst2|counter[0]      ; Merged with button_debouncer:inst1|counter[0]  ;
; button_debouncer:inst|counter[0]       ; Merged with button_debouncer:inst1|counter[0]  ;
; controller:inst3|p2_score[6..9,11..15] ; Merged with controller:inst3|p2_score[10]      ;
; controller:inst3|p1_score[6..9,11..15] ; Merged with controller:inst3|p1_score[10]      ;
; controller:inst3|p2_score[10]          ; Stuck at GND due to stuck port data_in         ;
; controller:inst3|p1_score[10]          ; Stuck at GND due to stuck port data_in         ;
; Total Number of Removed Registers = 62 ;                                                ;
+----------------------------------------+------------------------------------------------+


+------------------------------------------------------+
; General Register Statistics                          ;
+----------------------------------------------+-------+
; Statistic                                    ; Value ;
+----------------------------------------------+-------+
; Total registers                              ; 172   ;
; Number of registers using Synchronous Clear  ; 0     ;
; Number of registers using Synchronous Load   ; 65    ;
; Number of registers using Asynchronous Clear ; 13    ;
; Number of registers using Asynchronous Load  ; 0     ;
; Number of registers using Clock Enable       ; 81    ;
; Number of registers using Preset             ; 0     ;
+----------------------------------------------+-------+


+---------------------------------------------------+
; Inverted Register Statistics                      ;
+-----------------------------------------+---------+
; Inverted Register                       ; Fan out ;
+-----------------------------------------+---------+
; controller:inst3|ball                   ; 4       ;
; controller:inst3|halt                   ; 13      ;
; controller:inst3|p2_rdy                 ; 34      ;
; controller:inst3|p1_rdy                 ; 34      ;
; my_pll:inst4|counter[14]                ; 2       ;
; my_pll:inst4|counter[13]                ; 2       ;
; my_pll:inst4|counter[12]                ; 2       ;
; my_pll:inst4|counter[11]                ; 2       ;
; my_pll:inst4|counter[6]                 ; 2       ;
; my_pll:inst4|counter[16]                ; 2       ;
; my_pll:inst4|counter[18]                ; 2       ;
; my_pll:inst4|counter[19]                ; 2       ;
; my_pll:inst4|counter[20]                ; 2       ;
; my_pll:inst4|counter[21]                ; 2       ;
; my_pll:inst4|counter[22]                ; 2       ;
; my_pll:inst4|counter[24]                ; 2       ;
; Total number of inverted registers = 16 ;         ;
+-----------------------------------------+---------+


+--------------------------------------------------------------------------------------------------------------------------------------------------+
; Multiplexer Restructuring Statistics (Restructuring Performed)                                                                                   ;
+--------------------+-----------+---------------+----------------------+------------------------+------------+------------------------------------+
; Multiplexer Inputs ; Bus Width ; Baseline Area ; Area if Restructured ; Saving if Restructured ; Registered ; Example Multiplexer Output         ;
+--------------------+-----------+---------------+----------------------+------------------------+------------+------------------------------------+
; 3:1                ; 2 bits    ; 4 LEs         ; 2 LEs                ; 2 LEs                  ; Yes        ; |lab2|ball:inst5|win               ;
; 4:1                ; 32 bits   ; 64 LEs        ; 32 LEs               ; 32 LEs                 ; Yes        ; |lab2|controller:inst3|p1_idle[1]  ;
; 4:1                ; 32 bits   ; 64 LEs        ; 32 LEs               ; 32 LEs                 ; Yes        ; |lab2|controller:inst3|p2_idle[18] ;
; 11:1               ; 3 bits    ; 21 LEs        ; 6 LEs                ; 15 LEs                 ; Yes        ; |lab2|controller:inst3|p1_score[5] ;
; 11:1               ; 3 bits    ; 21 LEs        ; 6 LEs                ; 15 LEs                 ; Yes        ; |lab2|controller:inst3|p2_score[1] ;
+--------------------+-----------+---------------+----------------------+------------------------+------------+------------------------------------+


+---------------------------------------------------------------+
; Parameter Settings for User Entity Instance: controller:inst3 ;
+----------------+----------+-----------------------------------+
; Parameter Name ; Value    ; Type                              ;
+----------------+----------+-----------------------------------+
; counter_max    ; 50000000 ; Signed Integer                    ;
+----------------+----------+-----------------------------------+
Note: In order to hide this table in the UI and the text report file, please set the "Show Parameter Settings in Synthesis Report" option in "Analysis and Synthesis Settings -> More Settings" to "Off".


+--------------------------------------------------------------------+
; Parameter Settings for User Entity Instance: button_debouncer:inst ;
+----------------+--------+------------------------------------------+
; Parameter Name ; Value  ; Type                                     ;
+----------------+--------+------------------------------------------+
; preset_val     ; 0      ; Signed Integer                           ;
; counter_max    ; 100000 ; Signed Integer                           ;
+----------------+--------+------------------------------------------+
Note: In order to hide this table in the UI and the text report file, please set the "Show Parameter Settings in Synthesis Report" option in "Analysis and Synthesis Settings -> More Settings" to "Off".


+---------------------------------------------------------------------+
; Parameter Settings for User Entity Instance: button_debouncer:inst1 ;
+----------------+--------+-------------------------------------------+
; Parameter Name ; Value  ; Type                                      ;
+----------------+--------+-------------------------------------------+
; preset_val     ; 0      ; Signed Integer                            ;
; counter_max    ; 100000 ; Signed Integer                            ;
+----------------+--------+-------------------------------------------+
Note: In order to hide this table in the UI and the text report file, please set the "Show Parameter Settings in Synthesis Report" option in "Analysis and Synthesis Settings -> More Settings" to "Off".


+---------------------------------------------------------------------+
; Parameter Settings for User Entity Instance: button_debouncer:inst2 ;
+----------------+--------+-------------------------------------------+
; Parameter Name ; Value  ; Type                                      ;
+----------------+--------+-------------------------------------------+
; preset_val     ; 0      ; Signed Integer                            ;
; counter_max    ; 100000 ; Signed Integer                            ;
+----------------+--------+-------------------------------------------+
Note: In order to hide this table in the UI and the text report file, please set the "Show Parameter Settings in Synthesis Report" option in "Analysis and Synthesis Settings -> More Settings" to "Off".


+---------------------------------------------------------------------------------+
; Parameter Settings for Inferred Entity Instance: seg7view:inst7|lpm_divide:Mod0 ;
+------------------------+----------------+---------------------------------------+
; Parameter Name         ; Value          ; Type                                  ;
+------------------------+----------------+---------------------------------------+
; LPM_WIDTHN             ; 17             ; Untyped                               ;
; LPM_WIDTHD             ; 8              ; Untyped                               ;
; LPM_NREPRESENTATION    ; SIGNED         ; Untyped                               ;
; LPM_DREPRESENTATION    ; SIGNED         ; Untyped                               ;
; LPM_PIPELINE           ; 0              ; Untyped                               ;
; LPM_REMAINDERPOSITIVE  ; FALSE          ; Untyped                               ;
; MAXIMIZE_SPEED         ; 5              ; Untyped                               ;
; CBXI_PARAMETER         ; lpm_divide_pno ; Untyped                               ;
; CARRY_CHAIN            ; MANUAL         ; Untyped                               ;
; OPTIMIZE_FOR_SPEED     ; 5              ; Untyped                               ;
; AUTO_CARRY_CHAINS      ; ON             ; AUTO_CARRY                            ;
; IGNORE_CARRY_BUFFERS   ; OFF            ; IGNORE_CARRY                          ;
; AUTO_CASCADE_CHAINS    ; ON             ; AUTO_CASCADE                          ;
; IGNORE_CASCADE_BUFFERS ; OFF            ; IGNORE_CASCADE                        ;
+------------------------+----------------+---------------------------------------+
Note: In order to hide this table in the UI and the text report file, please set the "Show Parameter Settings in Synthesis Report" option in "Analysis and Synthesis Settings -> More Settings" to "Off".


+---------------------------------------------------------------------------------+
; Parameter Settings for Inferred Entity Instance: seg7view:inst7|lpm_divide:Div0 ;
+------------------------+----------------+---------------------------------------+
; Parameter Name         ; Value          ; Type                                  ;
+------------------------+----------------+---------------------------------------+
; LPM_WIDTHN             ; 8              ; Untyped                               ;
; LPM_WIDTHD             ; 5              ; Untyped                               ;
; LPM_NREPRESENTATION    ; SIGNED         ; Untyped                               ;
; LPM_DREPRESENTATION    ; SIGNED         ; Untyped                               ;
; LPM_PIPELINE           ; 0              ; Untyped                               ;
; LPM_REMAINDERPOSITIVE  ; FALSE          ; Untyped                               ;
; MAXIMIZE_SPEED         ; 5              ; Untyped                               ;
; CBXI_PARAMETER         ; lpm_divide_3uo ; Untyped                               ;
; CARRY_CHAIN            ; MANUAL         ; Untyped                               ;
; OPTIMIZE_FOR_SPEED     ; 5              ; Untyped                               ;
; AUTO_CARRY_CHAINS      ; ON             ; AUTO_CARRY                            ;
; IGNORE_CARRY_BUFFERS   ; OFF            ; IGNORE_CARRY                          ;
; AUTO_CASCADE_CHAINS    ; ON             ; AUTO_CASCADE                          ;
; IGNORE_CASCADE_BUFFERS ; OFF            ; IGNORE_CASCADE                        ;
+------------------------+----------------+---------------------------------------+
Note: In order to hide this table in the UI and the text report file, please set the "Show Parameter Settings in Synthesis Report" option in "Analysis and Synthesis Settings -> More Settings" to "Off".


+---------------------------------------------------------------------------------+
; Parameter Settings for Inferred Entity Instance: seg7view:inst7|lpm_divide:Mod1 ;
+------------------------+----------------+---------------------------------------+
; Parameter Name         ; Value          ; Type                                  ;
+------------------------+----------------+---------------------------------------+
; LPM_WIDTHN             ; 17             ; Untyped                               ;
; LPM_WIDTHD             ; 5              ; Untyped                               ;
; LPM_NREPRESENTATION    ; SIGNED         ; Untyped                               ;
; LPM_DREPRESENTATION    ; SIGNED         ; Untyped                               ;
; LPM_PIPELINE           ; 0              ; Untyped                               ;
; LPM_REMAINDERPOSITIVE  ; FALSE          ; Untyped                               ;
; MAXIMIZE_SPEED         ; 5              ; Untyped                               ;
; CBXI_PARAMETER         ; lpm_divide_mno ; Untyped                               ;
; CARRY_CHAIN            ; MANUAL         ; Untyped                               ;
; OPTIMIZE_FOR_SPEED     ; 5              ; Untyped                               ;
; AUTO_CARRY_CHAINS      ; ON             ; AUTO_CARRY                            ;
; IGNORE_CARRY_BUFFERS   ; OFF            ; IGNORE_CARRY                          ;
; AUTO_CASCADE_CHAINS    ; ON             ; AUTO_CASCADE                          ;
; IGNORE_CASCADE_BUFFERS ; OFF            ; IGNORE_CASCADE                        ;
+------------------------+----------------+---------------------------------------+
Note: In order to hide this table in the UI and the text report file, please set the "Show Parameter Settings in Synthesis Report" option in "Analysis and Synthesis Settings -> More Settings" to "Off".


+---------------------------------------------------------------------------------+
; Parameter Settings for Inferred Entity Instance: seg7view:inst6|lpm_divide:Mod0 ;
+------------------------+----------------+---------------------------------------+
; Parameter Name         ; Value          ; Type                                  ;
+------------------------+----------------+---------------------------------------+
; LPM_WIDTHN             ; 17             ; Untyped                               ;
; LPM_WIDTHD             ; 8              ; Untyped                               ;
; LPM_NREPRESENTATION    ; SIGNED         ; Untyped                               ;
; LPM_DREPRESENTATION    ; SIGNED         ; Untyped                               ;
; LPM_PIPELINE           ; 0              ; Untyped                               ;
; LPM_REMAINDERPOSITIVE  ; FALSE          ; Untyped                               ;
; MAXIMIZE_SPEED         ; 5              ; Untyped                               ;
; CBXI_PARAMETER         ; lpm_divide_pno ; Untyped                               ;
; CARRY_CHAIN            ; MANUAL         ; Untyped                               ;
; OPTIMIZE_FOR_SPEED     ; 5              ; Untyped                               ;
; AUTO_CARRY_CHAINS      ; ON             ; AUTO_CARRY                            ;
; IGNORE_CARRY_BUFFERS   ; OFF            ; IGNORE_CARRY                          ;
; AUTO_CASCADE_CHAINS    ; ON             ; AUTO_CASCADE                          ;
; IGNORE_CASCADE_BUFFERS ; OFF            ; IGNORE_CASCADE                        ;
+------------------------+----------------+---------------------------------------+
Note: In order to hide this table in the UI and the text report file, please set the "Show Parameter Settings in Synthesis Report" option in "Analysis and Synthesis Settings -> More Settings" to "Off".


+---------------------------------------------------------------------------------+
; Parameter Settings for Inferred Entity Instance: seg7view:inst6|lpm_divide:Div0 ;
+------------------------+----------------+---------------------------------------+
; Parameter Name         ; Value          ; Type                                  ;
+------------------------+----------------+---------------------------------------+
; LPM_WIDTHN             ; 8              ; Untyped                               ;
; LPM_WIDTHD             ; 5              ; Untyped                               ;
; LPM_NREPRESENTATION    ; SIGNED         ; Untyped                               ;
; LPM_DREPRESENTATION    ; SIGNED         ; Untyped                               ;
; LPM_PIPELINE           ; 0              ; Untyped                               ;
; LPM_REMAINDERPOSITIVE  ; FALSE          ; Untyped                               ;
; MAXIMIZE_SPEED         ; 5              ; Untyped                               ;
; CBXI_PARAMETER         ; lpm_divide_3uo ; Untyped                               ;
; CARRY_CHAIN            ; MANUAL         ; Untyped                               ;
; OPTIMIZE_FOR_SPEED     ; 5              ; Untyped                               ;
; AUTO_CARRY_CHAINS      ; ON             ; AUTO_CARRY                            ;
; IGNORE_CARRY_BUFFERS   ; OFF            ; IGNORE_CARRY                          ;
; AUTO_CASCADE_CHAINS    ; ON             ; AUTO_CASCADE                          ;
; IGNORE_CASCADE_BUFFERS ; OFF            ; IGNORE_CASCADE                        ;
+------------------------+----------------+---------------------------------------+
Note: In order to hide this table in the UI and the text report file, please set the "Show Parameter Settings in Synthesis Report" option in "Analysis and Synthesis Settings -> More Settings" to "Off".


+---------------------------------------------------------------------------------+
; Parameter Settings for Inferred Entity Instance: seg7view:inst6|lpm_divide:Mod1 ;
+------------------------+----------------+---------------------------------------+
; Parameter Name         ; Value          ; Type                                  ;
+------------------------+----------------+---------------------------------------+
; LPM_WIDTHN             ; 17             ; Untyped                               ;
; LPM_WIDTHD             ; 5              ; Untyped                               ;
; LPM_NREPRESENTATION    ; SIGNED         ; Untyped                               ;
; LPM_DREPRESENTATION    ; SIGNED         ; Untyped                               ;
; LPM_PIPELINE           ; 0              ; Untyped                               ;
; LPM_REMAINDERPOSITIVE  ; FALSE          ; Untyped                               ;
; MAXIMIZE_SPEED         ; 5              ; Untyped                               ;
; CBXI_PARAMETER         ; lpm_divide_mno ; Untyped                               ;
; CARRY_CHAIN            ; MANUAL         ; Untyped                               ;
; OPTIMIZE_FOR_SPEED     ; 5              ; Untyped                               ;
; AUTO_CARRY_CHAINS      ; ON             ; AUTO_CARRY                            ;
; IGNORE_CARRY_BUFFERS   ; OFF            ; IGNORE_CARRY                          ;
; AUTO_CASCADE_CHAINS    ; ON             ; AUTO_CASCADE                          ;
; IGNORE_CASCADE_BUFFERS ; OFF            ; IGNORE_CASCADE                        ;
+------------------------+----------------+---------------------------------------+
Note: In order to hide this table in the UI and the text report file, please set the "Show Parameter Settings in Synthesis Report" option in "Analysis and Synthesis Settings -> More Settings" to "Off".


+-------------------------------+
; Elapsed Time Per Partition    ;
+----------------+--------------+
; Partition Name ; Elapsed Time ;
+----------------+--------------+
; Top            ; 00:00:17     ;
+----------------+--------------+


+-------------------------------+
; Analysis & Synthesis Messages ;
+-------------------------------+
Info: *******************************************************************
Info: Running Quartus II Analysis & Synthesis
    Info: Version 10.1 Build 153 11/29/2010 SJ Web Edition
    Info: Processing started: Sun Mar 13 13:49:37 2016
Info: Command: quartus_map --read_settings_files=on --write_settings_files=off lab2 -c lab2
Info: Parallel compilation is enabled and will use 2 of the 2 processors detected
Info: Found 1 design units, including 1 entities, in source file button_debouncer.v
    Info: Found entity 1: button_debouncer
Info: Found 1 design units, including 1 entities, in source file seg7view.v
    Info: Found entity 1: seg7view
Info: Found 1 design units, including 1 entities, in source file my_pll.v
    Info: Found entity 1: my_pll
Info: Found 1 design units, including 1 entities, in source file ball.v
    Info: Found entity 1: ball
Info: Found 1 design units, including 1 entities, in source file controller.v
    Info: Found entity 1: controller
Info: Found 1 design units, including 1 entities, in source file lab2.bdf
    Info: Found entity 1: lab2
Info: Elaborating entity "lab2" for the top level hierarchy
Info: Elaborating entity "controller" for hierarchy "controller:inst3"
Warning (10036): Verilog HDL or VHDL warning at Controller.v(50): object "trigger" assigned a value but never read
Warning (10235): Verilog HDL Always Construct warning at Controller.v(45): variable "p2_power" is read inside the Always Construct but isn't in the Always Construct's Event Control
Warning (10235): Verilog HDL Always Construct warning at Controller.v(46): variable "p1_power" is read inside the Always Construct but isn't in the Always Construct's Event Control
Warning (10230): Verilog HDL assignment warning at Controller.v(127): truncated value with size 32 to match size of target (2)
Warning (10230): Verilog HDL assignment warning at Controller.v(159): truncated value with size 32 to match size of target (2)
Info: Elaborating entity "button_debouncer" for hierarchy "button_debouncer:inst"
Warning (10230): Verilog HDL assignment warning at button_debouncer.v(78): truncated value with size 32 to match size of target (1)
Warning (10230): Verilog HDL assignment warning at button_debouncer.v(79): truncated value with size 32 to match size of target (21)
Warning (10230): Verilog HDL assignment warning at button_debouncer.v(88): truncated value with size 32 to match size of target (21)
Warning (10230): Verilog HDL assignment warning at button_debouncer.v(90): truncated value with size 32 to match size of target (21)
Info: Elaborating entity "ball" for hierarchy "ball:inst5"
Warning (10240): Verilog HDL Always Construct warning at Ball.v(27): inferring latch(es) for variable "i", which holds its previous value in one or more paths through the always construct
Info: Elaborating entity "my_pll" for hierarchy "my_pll:inst4"
Info: Elaborating entity "seg7view" for hierarchy "seg7view:inst7"
Warning (10762): Verilog HDL Case Statement warning at Seg7view.v(23): can't check case statement for completeness because the case expression has too many possible states
Info: Inferred 6 megafunctions from design logic
    Info: Inferred divider/modulo megafunction ("lpm_divide") from the following logic: "seg7view:inst7|Mod0"
    Info: Inferred divider/modulo megafunction ("lpm_divide") from the following logic: "seg7view:inst7|Div0"
    Info: Inferred divider/modulo megafunction ("lpm_divide") from the following logic: "seg7view:inst7|Mod1"
    Info: Inferred divider/modulo megafunction ("lpm_divide") from the following logic: "seg7view:inst6|Mod0"
    Info: Inferred divider/modulo megafunction ("lpm_divide") from the following logic: "seg7view:inst6|Div0"
    Info: Inferred divider/modulo megafunction ("lpm_divide") from the following logic: "seg7view:inst6|Mod1"
Info: Elaborated megafunction instantiation "seg7view:inst7|lpm_divide:Mod0"
Info: Instantiated megafunction "seg7view:inst7|lpm_divide:Mod0" with the following parameter:
    Info: Parameter "LPM_WIDTHN" = "17"
    Info: Parameter "LPM_WIDTHD" = "8"
    Info: Parameter "LPM_NREPRESENTATION" = "SIGNED"
    Info: Parameter "LPM_DREPRESENTATION" = "SIGNED"
    Info: Parameter "LPM_HINT" = "LPM_REMAINDERPOSITIVE=FALSE"
Info: Found 1 design units, including 1 entities, in source file db/lpm_divide_pno.tdf
    Info: Found entity 1: lpm_divide_pno
Info: Found 1 design units, including 1 entities, in source file db/abs_divider_qbg.tdf
    Info: Found entity 1: abs_divider_qbg
Info: Found 1 design units, including 1 entities, in source file db/alt_u_div_96f.tdf
    Info: Found entity 1: alt_u_div_96f
Info: Found 1 design units, including 1 entities, in source file db/add_sub_unc.tdf
    Info: Found entity 1: add_sub_unc
Info: Found 1 design units, including 1 entities, in source file db/add_sub_vnc.tdf
    Info: Found entity 1: add_sub_vnc
Info: Found 1 design units, including 1 entities, in source file db/lpm_abs_st9.tdf
    Info: Found entity 1: lpm_abs_st9
Info: Found 1 design units, including 1 entities, in source file db/lpm_abs_cv9.tdf
    Info: Found entity 1: lpm_abs_cv9
Info: Elaborated megafunction instantiation "seg7view:inst7|lpm_divide:Div0"
Info: Instantiated megafunction "seg7view:inst7|lpm_divide:Div0" with the following parameter:
    Info: Parameter "LPM_WIDTHN" = "8"
    Info: Parameter "LPM_WIDTHD" = "5"
    Info: Parameter "LPM_NREPRESENTATION" = "SIGNED"
    Info: Parameter "LPM_DREPRESENTATION" = "SIGNED"
    Info: Parameter "LPM_HINT" = "LPM_REMAINDERPOSITIVE=FALSE"
Info: Found 1 design units, including 1 entities, in source file db/lpm_divide_3uo.tdf
    Info: Found entity 1: lpm_divide_3uo
Info: Found 1 design units, including 1 entities, in source file db/abs_divider_7ag.tdf
    Info: Found entity 1: abs_divider_7ag
Info: Found 1 design units, including 1 entities, in source file db/alt_u_div_33f.tdf
    Info: Found entity 1: alt_u_div_33f
Info: Found 1 design units, including 1 entities, in source file db/lpm_abs_pt9.tdf
    Info: Found entity 1: lpm_abs_pt9
Info: Elaborated megafunction instantiation "seg7view:inst7|lpm_divide:Mod1"
Info: Instantiated megafunction "seg7view:inst7|lpm_divide:Mod1" with the following parameter:
    Info: Parameter "LPM_WIDTHN" = "17"
    Info: Parameter "LPM_WIDTHD" = "5"
    Info: Parameter "LPM_NREPRESENTATION" = "SIGNED"
    Info: Parameter "LPM_DREPRESENTATION" = "SIGNED"
    Info: Parameter "LPM_HINT" = "LPM_REMAINDERPOSITIVE=FALSE"
Info: Found 1 design units, including 1 entities, in source file db/lpm_divide_mno.tdf
    Info: Found entity 1: lpm_divide_mno
Info: Found 1 design units, including 1 entities, in source file db/abs_divider_nbg.tdf
    Info: Found entity 1: abs_divider_nbg
Info: Found 1 design units, including 1 entities, in source file db/alt_u_div_36f.tdf
    Info: Found entity 1: alt_u_div_36f
Warning: Presettable and clearable registers converted to equivalent circuits with latches. Registers power-up to an undefined state, and DEVCLRn places the registers in an undefined state.
    Warning (13310): Register "ball:inst5|position[9]" is converted into an equivalent circuit using register "ball:inst5|position[9]~_emulated" and latch "ball:inst5|position[9]~latch"
    Warning (13310): Register "ball:inst5|position[0]" is converted into an equivalent circuit using register "ball:inst5|position[0]~_emulated" and latch "ball:inst5|position[0]~latch"
Warning: Output pins are stuck at VCC or GND
    Warning (13410): Pin "leftSeg[15]" is stuck at VCC
    Warning (13410): Pin "leftSeg[7]" is stuck at VCC
    Warning (13410): Pin "rightSeg[15]" is stuck at VCC
    Warning (13410): Pin "rightSeg[7]" is stuck at VCC
Info: Timing-Driven Synthesis is running
Info: Found the following redundant logic cells in design
    Info (17048): Logic cell "seg7view:inst7|lpm_divide:Div0|lpm_divide_3uo:auto_generated|abs_divider_7ag:divider|lpm_abs_st9:my_abs_num|cs1a[1]~0"
    Info (17048): Logic cell "seg7view:inst7|lpm_divide:Div0|lpm_divide_3uo:auto_generated|abs_divider_7ag:divider|lpm_abs_st9:my_abs_num|cs1a[1]~2"
    Info (17048): Logic cell "seg7view:inst7|lpm_divide:Div0|lpm_divide_3uo:auto_generated|abs_divider_7ag:divider|lpm_abs_st9:my_abs_num|cs1a[1]~4"
    Info (17048): Logic cell "seg7view:inst7|lpm_divide:Div0|lpm_divide_3uo:auto_generated|abs_divider_7ag:divider|lpm_abs_st9:my_abs_num|cs1a[1]~6"
    Info (17048): Logic cell "seg7view:inst7|lpm_divide:Div0|lpm_divide_3uo:auto_generated|abs_divider_7ag:divider|lpm_abs_st9:my_abs_num|cs1a[1]~8"
    Info (17048): Logic cell "seg7view:inst6|lpm_divide:Div0|lpm_divide_3uo:auto_generated|abs_divider_7ag:divider|lpm_abs_st9:my_abs_num|cs1a[1]~0"
    Info (17048): Logic cell "seg7view:inst6|lpm_divide:Div0|lpm_divide_3uo:auto_generated|abs_divider_7ag:divider|lpm_abs_st9:my_abs_num|cs1a[1]~2"
    Info (17048): Logic cell "seg7view:inst6|lpm_divide:Div0|lpm_divide_3uo:auto_generated|abs_divider_7ag:divider|lpm_abs_st9:my_abs_num|cs1a[1]~4"
    Info (17048): Logic cell "seg7view:inst6|lpm_divide:Div0|lpm_divide_3uo:auto_generated|abs_divider_7ag:divider|lpm_abs_st9:my_abs_num|cs1a[1]~6"
    Info (17048): Logic cell "seg7view:inst6|lpm_divide:Div0|lpm_divide_3uo:auto_generated|abs_divider_7ag:divider|lpm_abs_st9:my_abs_num|cs1a[1]~8"
Info: Generated suppressed messages file C:/Users/JH/Desktop/hw3/lab2/lab2.map.smsg
Info: Generating hard_block partition "hard_block:auto_generated_inst"
Info: Implemented 601 device resources after synthesis - the final resource count might be different
    Info: Implemented 14 input pins
    Info: Implemented 44 output pins
    Info: Implemented 543 logic cells
Info: Quartus II Analysis & Synthesis was successful. 0 errors, 19 warnings
    Info: Peak virtual memory: 294 megabytes
    Info: Processing ended: Sun Mar 13 13:57:22 2016
    Info: Elapsed time: 00:07:45
    Info: Total CPU time (on all processors): 00:00:08


+------------------------------------------+
; Analysis & Synthesis Suppressed Messages ;
+------------------------------------------+
The suppressed messages can be found in C:/Users/JH/Desktop/hw3/lab2/lab2.map.smsg.


