Analysis & Synthesis report for Lab3
Tue Mar 01 16:15:36 2016
Quartus II Version 10.1 Build 153 11/29/2010 SJ Web Edition


---------------------
; Table of Contents ;
---------------------
  1. Legal Notice
  2. Analysis & Synthesis Summary
  3. Analysis & Synthesis Settings
  4. Parallel Compilation
  5. Analysis & Synthesis Source Files Read
  6. Analysis & Synthesis Resource Usage Summary
  7. Analysis & Synthesis Resource Utilization by Entity
  8. General Register Statistics
  9. Parameter Settings for Inferred Entity Instance: Bin2Dec:b2d_inst|lpm_divide:Mod2
 10. Parameter Settings for Inferred Entity Instance: Bin2Dec:b2d_inst|lpm_divide:Mod1
 11. Parameter Settings for Inferred Entity Instance: Bin2Dec:b2d_inst|lpm_divide:Div2
 12. Parameter Settings for Inferred Entity Instance: Bin2Dec:b2d_inst|lpm_divide:Mod0
 13. Parameter Settings for Inferred Entity Instance: Bin2Dec:b2d_inst|lpm_divide:Div1
 14. Parameter Settings for Inferred Entity Instance: Bin2Dec:b2d_inst|lpm_divide:Div0
 15. Elapsed Time Per Partition
 16. Analysis & Synthesis Messages



----------------
; Legal Notice ;
----------------
Copyright (C) 1991-2010 Altera Corporation
Your use of Altera Corporation's design tools, logic functions 
and other software and tools, and its AMPP partner logic 
functions, and any output files from any of the foregoing 
(including device programming or simulation files), and any 
associated documentation or information are expressly subject 
to the terms and conditions of the Altera Program License 
Subscription Agreement, Altera MegaCore Function License 
Agreement, or other applicable license agreement, including, 
without limitation, that your use is for the sole purpose of 
programming logic devices manufactured by Altera and sold by 
Altera or its authorized distributors.  Please refer to the 
applicable agreement for further details.



+-------------------------------------------------------------------------------+
; Analysis & Synthesis Summary                                                  ;
+------------------------------------+------------------------------------------+
; Analysis & Synthesis Status        ; Successful - Tue Mar 01 16:15:36 2016    ;
; Quartus II Version                 ; 10.1 Build 153 11/29/2010 SJ Web Edition ;
; Revision Name                      ; Lab3                                     ;
; Top-level Entity Name              ; Lab3                                     ;
; Family                             ; Cyclone III                              ;
; Total logic elements               ; 482                                      ;
;     Total combinational functions  ; 482                                      ;
;     Dedicated logic registers      ; 0                                        ;
; Total registers                    ; 0                                        ;
; Total pins                         ; 42                                       ;
; Total virtual pins                 ; 0                                        ;
; Total memory bits                  ; 0                                        ;
; Embedded Multiplier 9-bit elements ; 0                                        ;
; Total PLLs                         ; 0                                        ;
+------------------------------------+------------------------------------------+


+----------------------------------------------------------------------------------------------------------------------+
; Analysis & Synthesis Settings                                                                                        ;
+----------------------------------------------------------------------------+--------------------+--------------------+
; Option                                                                     ; Setting            ; Default Value      ;
+----------------------------------------------------------------------------+--------------------+--------------------+
; Device                                                                     ; EP3C16F484C6       ;                    ;
; Top-level entity name                                                      ; Lab3               ; Lab3               ;
; Family name                                                                ; Cyclone III        ; Cyclone IV GX      ;
; Use smart compilation                                                      ; Off                ; Off                ;
; Enable parallel Assembler and TimeQuest Timing Analyzer during compilation ; On                 ; On                 ;
; Enable compact report table                                                ; Off                ; Off                ;
; Restructure Multiplexers                                                   ; Auto               ; Auto               ;
; Create Debugging Nodes for IP Cores                                        ; Off                ; Off                ;
; Preserve fewer node names                                                  ; On                 ; On                 ;
; Disable OpenCore Plus hardware evaluation                                  ; Off                ; Off                ;
; Verilog Version                                                            ; Verilog_2001       ; Verilog_2001       ;
; VHDL Version                                                               ; VHDL_1993          ; VHDL_1993          ;
; State Machine Processing                                                   ; Auto               ; Auto               ;
; Safe State Machine                                                         ; Off                ; Off                ;
; Extract Verilog State Machines                                             ; On                 ; On                 ;
; Extract VHDL State Machines                                                ; On                 ; On                 ;
; Ignore Verilog initial constructs                                          ; Off                ; Off                ;
; Iteration limit for constant Verilog loops                                 ; 5000               ; 5000               ;
; Iteration limit for non-constant Verilog loops                             ; 250                ; 250                ;
; Add Pass-Through Logic to Inferred RAMs                                    ; On                 ; On                 ;
; Parallel Synthesis                                                         ; On                 ; On                 ;
; DSP Block Balancing                                                        ; Auto               ; Auto               ;
; NOT Gate Push-Back                                                         ; On                 ; On                 ;
; Power-Up Don't Care                                                        ; On                 ; On                 ;
; Remove Redundant Logic Cells                                               ; Off                ; Off                ;
; Remove Duplicate Registers                                                 ; On                 ; On                 ;
; Ignore CARRY Buffers                                                       ; Off                ; Off                ;
; Ignore CASCADE Buffers                                                     ; Off                ; Off                ;
; Ignore GLOBAL Buffers                                                      ; Off                ; Off                ;
; Ignore ROW GLOBAL Buffers                                                  ; Off                ; Off                ;
; Ignore LCELL Buffers                                                       ; Off                ; Off                ;
; Ignore SOFT Buffers                                                        ; On                 ; On                 ;
; Limit AHDL Integers to 32 Bits                                             ; Off                ; Off                ;
; Optimization Technique                                                     ; Balanced           ; Balanced           ;
; Carry Chain Length                                                         ; 70                 ; 70                 ;
; Auto Carry Chains                                                          ; On                 ; On                 ;
; Auto Open-Drain Pins                                                       ; On                 ; On                 ;
; Perform WYSIWYG Primitive Resynthesis                                      ; Off                ; Off                ;
; Auto ROM Replacement                                                       ; On                 ; On                 ;
; Auto RAM Replacement                                                       ; On                 ; On                 ;
; Auto DSP Block Replacement                                                 ; On                 ; On                 ;
; Auto Shift Register Replacement                                            ; Auto               ; Auto               ;
; Auto Clock Enable Replacement                                              ; On                 ; On                 ;
; Strict RAM Replacement                                                     ; Off                ; Off                ;
; Allow Synchronous Control Signals                                          ; On                 ; On                 ;
; Force Use of Synchronous Clear Signals                                     ; Off                ; Off                ;
; Auto RAM Block Balancing                                                   ; On                 ; On                 ;
; Auto RAM to Logic Cell Conversion                                          ; Off                ; Off                ;
; Auto Resource Sharing                                                      ; Off                ; Off                ;
; Allow Any RAM Size For Recognition                                         ; Off                ; Off                ;
; Allow Any ROM Size For Recognition                                         ; Off                ; Off                ;
; Allow Any Shift Register Size For Recognition                              ; Off                ; Off                ;
; Use LogicLock Constraints during Resource Balancing                        ; On                 ; On                 ;
; Ignore translate_off and synthesis_off directives                          ; Off                ; Off                ;
; Timing-Driven Synthesis                                                    ; On                 ; On                 ;
; Report Parameter Settings                                                  ; On                 ; On                 ;
; Report Source Assignments                                                  ; On                 ; On                 ;
; Report Connectivity Checks                                                 ; On                 ; On                 ;
; Ignore Maximum Fan-Out Assignments                                         ; Off                ; Off                ;
; Synchronization Register Chain Length                                      ; 2                  ; 2                  ;
; PowerPlay Power Optimization                                               ; Normal compilation ; Normal compilation ;
; HDL message level                                                          ; Level2             ; Level2             ;
; Suppress Register Optimization Related Messages                            ; Off                ; Off                ;
; Number of Removed Registers Reported in Synthesis Report                   ; 5000               ; 5000               ;
; Number of Inverted Registers Reported in Synthesis Report                  ; 100                ; 100                ;
; Clock MUX Protection                                                       ; On                 ; On                 ;
; Auto Gated Clock Conversion                                                ; Off                ; Off                ;
; Block Design Naming                                                        ; Auto               ; Auto               ;
; SDC constraint protection                                                  ; Off                ; Off                ;
; Synthesis Effort                                                           ; Auto               ; Auto               ;
; Shift Register Replacement - Allow Asynchronous Clear Signal               ; On                 ; On                 ;
; Analysis & Synthesis Message Level                                         ; Medium             ; Medium             ;
; Disable Register Merging Across Hierarchies                                ; Auto               ; Auto               ;
; Resource Aware Inference For Block RAM                                     ; On                 ; On                 ;
; Synthesis Seed                                                             ; 1                  ; 1                  ;
+----------------------------------------------------------------------------+--------------------+--------------------+


+------------------------------------------+
; Parallel Compilation                     ;
+----------------------------+-------------+
; Processors                 ; Number      ;
+----------------------------+-------------+
; Number detected on machine ; 2           ;
; Maximum allowed            ; 2           ;
;                            ;             ;
; Average used               ; 1.00        ;
; Maximum used               ; 1           ;
;                            ;             ;
; Usage by Processor         ; % Time Used ;
;     1 processor            ; 100.0%      ;
;     2 processors           ;   0.0%      ;
+----------------------------+-------------+


+----------------------------------------------------------------------------------------------------------------------------------------------+
; Analysis & Synthesis Source Files Read                                                                                                       ;
+----------------------------------+-----------------+------------------------------+----------------------------------------------------------+
; File Name with User-Entered Path ; Used in Netlist ; File Type                    ; File Name with Absolute Path                             ;
+----------------------------------+-----------------+------------------------------+----------------------------------------------------------+
; Lab3.v                           ; yes             ; User Verilog HDL File        ; I:/cpu/lab3/Lab3.v                                       ;
; Bin2Dec.v                        ; yes             ; User Verilog HDL File        ; I:/cpu/lab3/Bin2Dec.v                                    ;
; lpm_divide.tdf                   ; yes             ; Megafunction                 ; i:/altera/quartus/libraries/megafunctions/lpm_divide.tdf ;
; db/lpm_divide_gno.tdf            ; yes             ; Auto-Generated Megafunction  ; I:/cpu/lab3/db/lpm_divide_gno.tdf                        ;
; db/abs_divider_hbg.tdf           ; yes             ; Auto-Generated Megafunction  ; I:/cpu/lab3/db/abs_divider_hbg.tdf                       ;
; db/alt_u_div_n5f.tdf             ; yes             ; Auto-Generated Megafunction  ; I:/cpu/lab3/db/alt_u_div_n5f.tdf                         ;
; db/add_sub_unc.tdf               ; yes             ; Auto-Generated Megafunction  ; I:/cpu/lab3/db/add_sub_unc.tdf                           ;
; db/add_sub_vnc.tdf               ; yes             ; Auto-Generated Megafunction  ; I:/cpu/lab3/db/add_sub_vnc.tdf                           ;
; db/lpm_abs_pt9.tdf               ; yes             ; Auto-Generated Megafunction  ; I:/cpu/lab3/db/lpm_abs_pt9.tdf                           ;
; db/lpm_abs_6v9.tdf               ; yes             ; Auto-Generated Megafunction  ; I:/cpu/lab3/db/lpm_abs_6v9.tdf                           ;
; db/lpm_divide_jno.tdf            ; yes             ; Auto-Generated Megafunction  ; I:/cpu/lab3/db/lpm_divide_jno.tdf                        ;
; db/abs_divider_kbg.tdf           ; yes             ; Auto-Generated Megafunction  ; I:/cpu/lab3/db/abs_divider_kbg.tdf                       ;
; db/alt_u_div_t5f.tdf             ; yes             ; Auto-Generated Megafunction  ; I:/cpu/lab3/db/alt_u_div_t5f.tdf                         ;
; db/lpm_abs_st9.tdf               ; yes             ; Auto-Generated Megafunction  ; I:/cpu/lab3/db/lpm_abs_st9.tdf                           ;
; db/lpm_divide_3uo.tdf            ; yes             ; Auto-Generated Megafunction  ; I:/cpu/lab3/db/lpm_divide_3uo.tdf                        ;
; db/abs_divider_7ag.tdf           ; yes             ; Auto-Generated Megafunction  ; I:/cpu/lab3/db/abs_divider_7ag.tdf                       ;
; db/alt_u_div_33f.tdf             ; yes             ; Auto-Generated Megafunction  ; I:/cpu/lab3/db/alt_u_div_33f.tdf                         ;
; db/lpm_divide_too.tdf            ; yes             ; Auto-Generated Megafunction  ; I:/cpu/lab3/db/lpm_divide_too.tdf                        ;
; db/abs_divider_ucg.tdf           ; yes             ; Auto-Generated Megafunction  ; I:/cpu/lab3/db/abs_divider_ucg.tdf                       ;
; db/alt_u_div_h8f.tdf             ; yes             ; Auto-Generated Megafunction  ; I:/cpu/lab3/db/alt_u_div_h8f.tdf                         ;
; db/lpm_divide_gvo.tdf            ; yes             ; Auto-Generated Megafunction  ; I:/cpu/lab3/db/lpm_divide_gvo.tdf                        ;
; db/lpm_divide_q0p.tdf            ; yes             ; Auto-Generated Megafunction  ; I:/cpu/lab3/db/lpm_divide_q0p.tdf                        ;
+----------------------------------+-----------------+------------------------------+----------------------------------------------------------+


+---------------------------------------------------------------------------------------------------------------------------------------------------------------------------------------+
; Analysis & Synthesis Resource Usage Summary                                                                                                                                           ;
+---------------------------------------------+-----------------------------------------------------------------------------------------------------------------------------------------+
; Resource                                    ; Usage                                                                                                                                   ;
+---------------------------------------------+-----------------------------------------------------------------------------------------------------------------------------------------+
; Estimated Total logic elements              ; 482                                                                                                                                     ;
;                                             ;                                                                                                                                         ;
; Total combinational functions               ; 482                                                                                                                                     ;
; Logic element usage by number of LUT inputs ;                                                                                                                                         ;
;     -- 4 input functions                    ; 106                                                                                                                                     ;
;     -- 3 input functions                    ; 138                                                                                                                                     ;
;     -- <=2 input functions                  ; 238                                                                                                                                     ;
;                                             ;                                                                                                                                         ;
; Logic elements by mode                      ;                                                                                                                                         ;
;     -- normal mode                          ; 322                                                                                                                                     ;
;     -- arithmetic mode                      ; 160                                                                                                                                     ;
;                                             ;                                                                                                                                         ;
; Total registers                             ; 0                                                                                                                                       ;
;     -- Dedicated logic registers            ; 0                                                                                                                                       ;
;     -- I/O registers                        ; 0                                                                                                                                       ;
;                                             ;                                                                                                                                         ;
; I/O pins                                    ; 42                                                                                                                                      ;
; Maximum fan-out node                        ; Bin2Dec:b2d_inst|lpm_divide:Div1|lpm_divide_gvo:auto_generated|abs_divider_kbg:divider|alt_u_div_t5f:divider|add_sub_7_result_int[8]~12 ;
; Maximum fan-out                             ; 26                                                                                                                                      ;
; Total fan-out                               ; 1321                                                                                                                                    ;
; Average fan-out                             ; 2.33                                                                                                                                    ;
+---------------------------------------------+-----------------------------------------------------------------------------------------------------------------------------------------+


+-------------------------------------------------------------------------------------------------------------------------------------------------------------------------------------------------------------------------------------------------------------------------------------------+
; Analysis & Synthesis Resource Utilization by Entity                                                                                                                                                                                                                                       ;
+------------------------------------------+-------------------+--------------+-------------+--------------+---------+-----------+------+--------------+---------------------------------------------------------------------------------------------------------------------+--------------+
; Compilation Hierarchy Node               ; LC Combinationals ; LC Registers ; Memory Bits ; DSP Elements ; DSP 9x9 ; DSP 18x18 ; Pins ; Virtual Pins ; Full Hierarchy Name                                                                                                 ; Library Name ;
+------------------------------------------+-------------------+--------------+-------------+--------------+---------+-----------+------+--------------+---------------------------------------------------------------------------------------------------------------------+--------------+
; |Lab3                                    ; 482 (0)           ; 0 (0)        ; 0           ; 0            ; 0       ; 0         ; 42   ; 0            ; |Lab3                                                                                                               ;              ;
;    |Bin2Dec:b2d_inst|                    ; 482 (59)          ; 0 (0)        ; 0           ; 0            ; 0       ; 0         ; 0    ; 0            ; |Lab3|Bin2Dec:b2d_inst                                                                                              ;              ;
;       |lpm_divide:Div0|                  ; 9 (0)             ; 0 (0)        ; 0           ; 0            ; 0       ; 0         ; 0    ; 0            ; |Lab3|Bin2Dec:b2d_inst|lpm_divide:Div0                                                                              ;              ;
;          |lpm_divide_q0p:auto_generated| ; 9 (0)             ; 0 (0)        ; 0           ; 0            ; 0       ; 0         ; 0    ; 0            ; |Lab3|Bin2Dec:b2d_inst|lpm_divide:Div0|lpm_divide_q0p:auto_generated                                                ;              ;
;             |abs_divider_ucg:divider|    ; 9 (0)             ; 0 (0)        ; 0           ; 0            ; 0       ; 0         ; 0    ; 0            ; |Lab3|Bin2Dec:b2d_inst|lpm_divide:Div0|lpm_divide_q0p:auto_generated|abs_divider_ucg:divider                        ;              ;
;                |alt_u_div_h8f:divider|   ; 9 (9)             ; 0 (0)        ; 0           ; 0            ; 0       ; 0         ; 0    ; 0            ; |Lab3|Bin2Dec:b2d_inst|lpm_divide:Div0|lpm_divide_q0p:auto_generated|abs_divider_ucg:divider|alt_u_div_h8f:divider  ;              ;
;       |lpm_divide:Div1|                  ; 121 (0)           ; 0 (0)        ; 0           ; 0            ; 0       ; 0         ; 0    ; 0            ; |Lab3|Bin2Dec:b2d_inst|lpm_divide:Div1                                                                              ;              ;
;          |lpm_divide_gvo:auto_generated| ; 121 (0)           ; 0 (0)        ; 0           ; 0            ; 0       ; 0         ; 0    ; 0            ; |Lab3|Bin2Dec:b2d_inst|lpm_divide:Div1|lpm_divide_gvo:auto_generated                                                ;              ;
;             |abs_divider_kbg:divider|    ; 121 (10)          ; 0 (0)        ; 0           ; 0            ; 0       ; 0         ; 0    ; 0            ; |Lab3|Bin2Dec:b2d_inst|lpm_divide:Div1|lpm_divide_gvo:auto_generated|abs_divider_kbg:divider                        ;              ;
;                |alt_u_div_t5f:divider|   ; 100 (100)         ; 0 (0)        ; 0           ; 0            ; 0       ; 0         ; 0    ; 0            ; |Lab3|Bin2Dec:b2d_inst|lpm_divide:Div1|lpm_divide_gvo:auto_generated|abs_divider_kbg:divider|alt_u_div_t5f:divider  ;              ;
;                |lpm_abs_6v9:my_abs_num|  ; 11 (11)           ; 0 (0)        ; 0           ; 0            ; 0       ; 0         ; 0    ; 0            ; |Lab3|Bin2Dec:b2d_inst|lpm_divide:Div1|lpm_divide_gvo:auto_generated|abs_divider_kbg:divider|lpm_abs_6v9:my_abs_num ;              ;
;       |lpm_divide:Div2|                  ; 84 (0)            ; 0 (0)        ; 0           ; 0            ; 0       ; 0         ; 0    ; 0            ; |Lab3|Bin2Dec:b2d_inst|lpm_divide:Div2                                                                              ;              ;
;          |lpm_divide_3uo:auto_generated| ; 84 (0)            ; 0 (0)        ; 0           ; 0            ; 0       ; 0         ; 0    ; 0            ; |Lab3|Bin2Dec:b2d_inst|lpm_divide:Div2|lpm_divide_3uo:auto_generated                                                ;              ;
;             |abs_divider_7ag:divider|    ; 84 (11)           ; 0 (0)        ; 0           ; 0            ; 0       ; 0         ; 0    ; 0            ; |Lab3|Bin2Dec:b2d_inst|lpm_divide:Div2|lpm_divide_3uo:auto_generated|abs_divider_7ag:divider                        ;              ;
;                |alt_u_div_33f:divider|   ; 65 (65)           ; 0 (0)        ; 0           ; 0            ; 0       ; 0         ; 0    ; 0            ; |Lab3|Bin2Dec:b2d_inst|lpm_divide:Div2|lpm_divide_3uo:auto_generated|abs_divider_7ag:divider|alt_u_div_33f:divider  ;              ;
;                |lpm_abs_st9:my_abs_num|  ; 8 (8)             ; 0 (0)        ; 0           ; 0            ; 0       ; 0         ; 0    ; 0            ; |Lab3|Bin2Dec:b2d_inst|lpm_divide:Div2|lpm_divide_3uo:auto_generated|abs_divider_7ag:divider|lpm_abs_st9:my_abs_num ;              ;
;       |lpm_divide:Mod0|                  ; 17 (0)            ; 0 (0)        ; 0           ; 0            ; 0       ; 0         ; 0    ; 0            ; |Lab3|Bin2Dec:b2d_inst|lpm_divide:Mod0                                                                              ;              ;
;          |lpm_divide_too:auto_generated| ; 17 (0)            ; 0 (0)        ; 0           ; 0            ; 0       ; 0         ; 0    ; 0            ; |Lab3|Bin2Dec:b2d_inst|lpm_divide:Mod0|lpm_divide_too:auto_generated                                                ;              ;
;             |abs_divider_ucg:divider|    ; 17 (0)            ; 0 (0)        ; 0           ; 0            ; 0       ; 0         ; 0    ; 0            ; |Lab3|Bin2Dec:b2d_inst|lpm_divide:Mod0|lpm_divide_too:auto_generated|abs_divider_ucg:divider                        ;              ;
;                |alt_u_div_h8f:divider|   ; 17 (17)           ; 0 (0)        ; 0           ; 0            ; 0       ; 0         ; 0    ; 0            ; |Lab3|Bin2Dec:b2d_inst|lpm_divide:Mod0|lpm_divide_too:auto_generated|abs_divider_ucg:divider|alt_u_div_h8f:divider  ;              ;
;       |lpm_divide:Mod1|                  ; 88 (0)            ; 0 (0)        ; 0           ; 0            ; 0       ; 0         ; 0    ; 0            ; |Lab3|Bin2Dec:b2d_inst|lpm_divide:Mod1                                                                              ;              ;
;          |lpm_divide_jno:auto_generated| ; 88 (0)            ; 0 (0)        ; 0           ; 0            ; 0       ; 0         ; 0    ; 0            ; |Lab3|Bin2Dec:b2d_inst|lpm_divide:Mod1|lpm_divide_jno:auto_generated                                                ;              ;
;             |abs_divider_kbg:divider|    ; 88 (0)            ; 0 (0)        ; 0           ; 0            ; 0       ; 0         ; 0    ; 0            ; |Lab3|Bin2Dec:b2d_inst|lpm_divide:Mod1|lpm_divide_jno:auto_generated|abs_divider_kbg:divider                        ;              ;
;                |alt_u_div_t5f:divider|   ; 88 (88)           ; 0 (0)        ; 0           ; 0            ; 0       ; 0         ; 0    ; 0            ; |Lab3|Bin2Dec:b2d_inst|lpm_divide:Mod1|lpm_divide_jno:auto_generated|abs_divider_kbg:divider|alt_u_div_t5f:divider  ;              ;
;       |lpm_divide:Mod2|                  ; 104 (0)           ; 0 (0)        ; 0           ; 0            ; 0       ; 0         ; 0    ; 0            ; |Lab3|Bin2Dec:b2d_inst|lpm_divide:Mod2                                                                              ;              ;
;          |lpm_divide_gno:auto_generated| ; 104 (0)           ; 0 (0)        ; 0           ; 0            ; 0       ; 0         ; 0    ; 0            ; |Lab3|Bin2Dec:b2d_inst|lpm_divide:Mod2|lpm_divide_gno:auto_generated                                                ;              ;
;             |abs_divider_hbg:divider|    ; 104 (0)           ; 0 (0)        ; 0           ; 0            ; 0       ; 0         ; 0    ; 0            ; |Lab3|Bin2Dec:b2d_inst|lpm_divide:Mod2|lpm_divide_gno:auto_generated|abs_divider_hbg:divider                        ;              ;
;                |alt_u_div_n5f:divider|   ; 104 (104)         ; 0 (0)        ; 0           ; 0            ; 0       ; 0         ; 0    ; 0            ; |Lab3|Bin2Dec:b2d_inst|lpm_divide:Mod2|lpm_divide_gno:auto_generated|abs_divider_hbg:divider|alt_u_div_n5f:divider  ;              ;
+------------------------------------------+-------------------+--------------+-------------+--------------+---------+-----------+------+--------------+---------------------------------------------------------------------------------------------------------------------+--------------+
Note: For table entries with two numbers listed, the numbers in parentheses indicate the number of resources of the given type used by the specific entity alone. The numbers listed outside of parentheses indicate the total resources of the given type used by the specific entity and all of its sub-entities in the hierarchy.


+------------------------------------------------------+
; General Register Statistics                          ;
+----------------------------------------------+-------+
; Statistic                                    ; Value ;
+----------------------------------------------+-------+
; Total registers                              ; 0     ;
; Number of registers using Synchronous Clear  ; 0     ;
; Number of registers using Synchronous Load   ; 0     ;
; Number of registers using Asynchronous Clear ; 0     ;
; Number of registers using Asynchronous Load  ; 0     ;
; Number of registers using Clock Enable       ; 0     ;
; Number of registers using Preset             ; 0     ;
+----------------------------------------------+-------+


+-----------------------------------------------------------------------------------+
; Parameter Settings for Inferred Entity Instance: Bin2Dec:b2d_inst|lpm_divide:Mod2 ;
+------------------------+----------------+-----------------------------------------+
; Parameter Name         ; Value          ; Type                                    ;
+------------------------+----------------+-----------------------------------------+
; LPM_WIDTHN             ; 11             ; Untyped                                 ;
; LPM_WIDTHD             ; 5              ; Untyped                                 ;
; LPM_NREPRESENTATION    ; SIGNED         ; Untyped                                 ;
; LPM_DREPRESENTATION    ; SIGNED         ; Untyped                                 ;
; LPM_PIPELINE           ; 0              ; Untyped                                 ;
; LPM_REMAINDERPOSITIVE  ; FALSE          ; Untyped                                 ;
; MAXIMIZE_SPEED         ; 5              ; Untyped                                 ;
; CBXI_PARAMETER         ; lpm_divide_gno ; Untyped                                 ;
; CARRY_CHAIN            ; MANUAL         ; Untyped                                 ;
; OPTIMIZE_FOR_SPEED     ; 5              ; Untyped                                 ;
; AUTO_CARRY_CHAINS      ; ON             ; AUTO_CARRY                              ;
; IGNORE_CARRY_BUFFERS   ; OFF            ; IGNORE_CARRY                            ;
; AUTO_CASCADE_CHAINS    ; ON             ; AUTO_CASCADE                            ;
; IGNORE_CASCADE_BUFFERS ; OFF            ; IGNORE_CASCADE                          ;
+------------------------+----------------+-----------------------------------------+
Note: In order to hide this table in the UI and the text report file, please set the "Show Parameter Settings in Synthesis Report" option in "Analysis and Synthesis Settings -> More Settings" to "Off".


+-----------------------------------------------------------------------------------+
; Parameter Settings for Inferred Entity Instance: Bin2Dec:b2d_inst|lpm_divide:Mod1 ;
+------------------------+----------------+-----------------------------------------+
; Parameter Name         ; Value          ; Type                                    ;
+------------------------+----------------+-----------------------------------------+
; LPM_WIDTHN             ; 11             ; Untyped                                 ;
; LPM_WIDTHD             ; 8              ; Untyped                                 ;
; LPM_NREPRESENTATION    ; SIGNED         ; Untyped                                 ;
; LPM_DREPRESENTATION    ; SIGNED         ; Untyped                                 ;
; LPM_PIPELINE           ; 0              ; Untyped                                 ;
; LPM_REMAINDERPOSITIVE  ; FALSE          ; Untyped                                 ;
; MAXIMIZE_SPEED         ; 5              ; Untyped                                 ;
; CBXI_PARAMETER         ; lpm_divide_jno ; Untyped                                 ;
; CARRY_CHAIN            ; MANUAL         ; Untyped                                 ;
; OPTIMIZE_FOR_SPEED     ; 5              ; Untyped                                 ;
; AUTO_CARRY_CHAINS      ; ON             ; AUTO_CARRY                              ;
; IGNORE_CARRY_BUFFERS   ; OFF            ; IGNORE_CARRY                            ;
; AUTO_CASCADE_CHAINS    ; ON             ; AUTO_CASCADE                            ;
; IGNORE_CASCADE_BUFFERS ; OFF            ; IGNORE_CASCADE                          ;
+------------------------+----------------+-----------------------------------------+
Note: In order to hide this table in the UI and the text report file, please set the "Show Parameter Settings in Synthesis Report" option in "Analysis and Synthesis Settings -> More Settings" to "Off".


+-----------------------------------------------------------------------------------+
; Parameter Settings for Inferred Entity Instance: Bin2Dec:b2d_inst|lpm_divide:Div2 ;
+------------------------+----------------+-----------------------------------------+
; Parameter Name         ; Value          ; Type                                    ;
+------------------------+----------------+-----------------------------------------+
; LPM_WIDTHN             ; 8              ; Untyped                                 ;
; LPM_WIDTHD             ; 5              ; Untyped                                 ;
; LPM_NREPRESENTATION    ; SIGNED         ; Untyped                                 ;
; LPM_DREPRESENTATION    ; SIGNED         ; Untyped                                 ;
; LPM_PIPELINE           ; 0              ; Untyped                                 ;
; LPM_REMAINDERPOSITIVE  ; FALSE          ; Untyped                                 ;
; MAXIMIZE_SPEED         ; 5              ; Untyped                                 ;
; CBXI_PARAMETER         ; lpm_divide_3uo ; Untyped                                 ;
; CARRY_CHAIN            ; MANUAL         ; Untyped                                 ;
; OPTIMIZE_FOR_SPEED     ; 5              ; Untyped                                 ;
; AUTO_CARRY_CHAINS      ; ON             ; AUTO_CARRY                              ;
; IGNORE_CARRY_BUFFERS   ; OFF            ; IGNORE_CARRY                            ;
; AUTO_CASCADE_CHAINS    ; ON             ; AUTO_CASCADE                            ;
; IGNORE_CASCADE_BUFFERS ; OFF            ; IGNORE_CASCADE                          ;
+------------------------+----------------+-----------------------------------------+
Note: In order to hide this table in the UI and the text report file, please set the "Show Parameter Settings in Synthesis Report" option in "Analysis and Synthesis Settings -> More Settings" to "Off".


+-----------------------------------------------------------------------------------+
; Parameter Settings for Inferred Entity Instance: Bin2Dec:b2d_inst|lpm_divide:Mod0 ;
+------------------------+----------------+-----------------------------------------+
; Parameter Name         ; Value          ; Type                                    ;
+------------------------+----------------+-----------------------------------------+
; LPM_WIDTHN             ; 11             ; Untyped                                 ;
; LPM_WIDTHD             ; 11             ; Untyped                                 ;
; LPM_NREPRESENTATION    ; SIGNED         ; Untyped                                 ;
; LPM_DREPRESENTATION    ; SIGNED         ; Untyped                                 ;
; LPM_PIPELINE           ; 0              ; Untyped                                 ;
; LPM_REMAINDERPOSITIVE  ; FALSE          ; Untyped                                 ;
; MAXIMIZE_SPEED         ; 5              ; Untyped                                 ;
; CBXI_PARAMETER         ; lpm_divide_too ; Untyped                                 ;
; CARRY_CHAIN            ; MANUAL         ; Untyped                                 ;
; OPTIMIZE_FOR_SPEED     ; 5              ; Untyped                                 ;
; AUTO_CARRY_CHAINS      ; ON             ; AUTO_CARRY                              ;
; IGNORE_CARRY_BUFFERS   ; OFF            ; IGNORE_CARRY                            ;
; AUTO_CASCADE_CHAINS    ; ON             ; AUTO_CASCADE                            ;
; IGNORE_CASCADE_BUFFERS ; OFF            ; IGNORE_CASCADE                          ;
+------------------------+----------------+-----------------------------------------+
Note: In order to hide this table in the UI and the text report file, please set the "Show Parameter Settings in Synthesis Report" option in "Analysis and Synthesis Settings -> More Settings" to "Off".


+-----------------------------------------------------------------------------------+
; Parameter Settings for Inferred Entity Instance: Bin2Dec:b2d_inst|lpm_divide:Div1 ;
+------------------------+----------------+-----------------------------------------+
; Parameter Name         ; Value          ; Type                                    ;
+------------------------+----------------+-----------------------------------------+
; LPM_WIDTHN             ; 11             ; Untyped                                 ;
; LPM_WIDTHD             ; 8              ; Untyped                                 ;
; LPM_NREPRESENTATION    ; SIGNED         ; Untyped                                 ;
; LPM_DREPRESENTATION    ; SIGNED         ; Untyped                                 ;
; LPM_PIPELINE           ; 0              ; Untyped                                 ;
; LPM_REMAINDERPOSITIVE  ; FALSE          ; Untyped                                 ;
; MAXIMIZE_SPEED         ; 5              ; Untyped                                 ;
; CBXI_PARAMETER         ; lpm_divide_gvo ; Untyped                                 ;
; CARRY_CHAIN            ; MANUAL         ; Untyped                                 ;
; OPTIMIZE_FOR_SPEED     ; 5              ; Untyped                                 ;
; AUTO_CARRY_CHAINS      ; ON             ; AUTO_CARRY                              ;
; IGNORE_CARRY_BUFFERS   ; OFF            ; IGNORE_CARRY                            ;
; AUTO_CASCADE_CHAINS    ; ON             ; AUTO_CASCADE                            ;
; IGNORE_CASCADE_BUFFERS ; OFF            ; IGNORE_CASCADE                          ;
+------------------------+----------------+-----------------------------------------+
Note: In order to hide this table in the UI and the text report file, please set the "Show Parameter Settings in Synthesis Report" option in "Analysis and Synthesis Settings -> More Settings" to "Off".


+-----------------------------------------------------------------------------------+
; Parameter Settings for Inferred Entity Instance: Bin2Dec:b2d_inst|lpm_divide:Div0 ;
+------------------------+----------------+-----------------------------------------+
; Parameter Name         ; Value          ; Type                                    ;
+------------------------+----------------+-----------------------------------------+
; LPM_WIDTHN             ; 11             ; Untyped                                 ;
; LPM_WIDTHD             ; 11             ; Untyped                                 ;
; LPM_NREPRESENTATION    ; SIGNED         ; Untyped                                 ;
; LPM_DREPRESENTATION    ; SIGNED         ; Untyped                                 ;
; LPM_PIPELINE           ; 0              ; Untyped                                 ;
; LPM_REMAINDERPOSITIVE  ; FALSE          ; Untyped                                 ;
; MAXIMIZE_SPEED         ; 5              ; Untyped                                 ;
; CBXI_PARAMETER         ; lpm_divide_q0p ; Untyped                                 ;
; CARRY_CHAIN            ; MANUAL         ; Untyped                                 ;
; OPTIMIZE_FOR_SPEED     ; 5              ; Untyped                                 ;
; AUTO_CARRY_CHAINS      ; ON             ; AUTO_CARRY                              ;
; IGNORE_CARRY_BUFFERS   ; OFF            ; IGNORE_CARRY                            ;
; AUTO_CASCADE_CHAINS    ; ON             ; AUTO_CASCADE                            ;
; IGNORE_CASCADE_BUFFERS ; OFF            ; IGNORE_CASCADE                          ;
+------------------------+----------------+-----------------------------------------+
Note: In order to hide this table in the UI and the text report file, please set the "Show Parameter Settings in Synthesis Report" option in "Analysis and Synthesis Settings -> More Settings" to "Off".


+-------------------------------+
; Elapsed Time Per Partition    ;
+----------------+--------------+
; Partition Name ; Elapsed Time ;
+----------------+--------------+
; Top            ; 00:00:03     ;
+----------------+--------------+


+-------------------------------+
; Analysis & Synthesis Messages ;
+-------------------------------+
Info: *******************************************************************
Info: Running Quartus II Analysis & Synthesis
    Info: Version 10.1 Build 153 11/29/2010 SJ Web Edition
    Info: Processing started: Tue Mar 01 16:15:13 2016
Info: Command: quartus_map --read_settings_files=on --write_settings_files=off Lab3 -c Lab3
Info: Parallel compilation is enabled and will use 2 of the 2 processors detected
Info: Found 1 design units, including 1 entities, in source file lab3.v
    Info: Found entity 1: Lab3
Info: Found 1 design units, including 1 entities, in source file bin2dec.v
    Info: Found entity 1: Bin2Dec
Info: Elaborating entity "Lab3" for the top level hierarchy
Info: Elaborating entity "Bin2Dec" for hierarchy "Bin2Dec:b2d_inst"
Warning (10762): Verilog HDL Case Statement warning at Bin2Dec.v(30): can't check case statement for completeness because the case expression has too many possible states
Info: Inferred 6 megafunctions from design logic
    Info: Inferred divider/modulo megafunction ("lpm_divide") from the following logic: "Bin2Dec:b2d_inst|Mod2"
    Info: Inferred divider/modulo megafunction ("lpm_divide") from the following logic: "Bin2Dec:b2d_inst|Mod1"
    Info: Inferred divider/modulo megafunction ("lpm_divide") from the following logic: "Bin2Dec:b2d_inst|Div2"
    Info: Inferred divider/modulo megafunction ("lpm_divide") from the following logic: "Bin2Dec:b2d_inst|Mod0"
    Info: Inferred divider/modulo megafunction ("lpm_divide") from the following logic: "Bin2Dec:b2d_inst|Div1"
    Info: Inferred divider/modulo megafunction ("lpm_divide") from the following logic: "Bin2Dec:b2d_inst|Div0"
Info: Elaborated megafunction instantiation "Bin2Dec:b2d_inst|lpm_divide:Mod2"
Info: Instantiated megafunction "Bin2Dec:b2d_inst|lpm_divide:Mod2" with the following parameter:
    Info: Parameter "LPM_WIDTHN" = "11"
    Info: Parameter "LPM_WIDTHD" = "5"
    Info: Parameter "LPM_NREPRESENTATION" = "SIGNED"
    Info: Parameter "LPM_DREPRESENTATION" = "SIGNED"
    Info: Parameter "LPM_HINT" = "LPM_REMAINDERPOSITIVE=FALSE"
Info: Found 1 design units, including 1 entities, in source file db/lpm_divide_gno.tdf
    Info: Found entity 1: lpm_divide_gno
Info: Found 1 design units, including 1 entities, in source file db/abs_divider_hbg.tdf
    Info: Found entity 1: abs_divider_hbg
Info: Found 1 design units, including 1 entities, in source file db/alt_u_div_n5f.tdf
    Info: Found entity 1: alt_u_div_n5f
Info: Found 1 design units, including 1 entities, in source file db/add_sub_unc.tdf
    Info: Found entity 1: add_sub_unc
Info: Found 1 design units, including 1 entities, in source file db/add_sub_vnc.tdf
    Info: Found entity 1: add_sub_vnc
Info: Found 1 design units, including 1 entities, in source file db/lpm_abs_pt9.tdf
    Info: Found entity 1: lpm_abs_pt9
Info: Found 1 design units, including 1 entities, in source file db/lpm_abs_6v9.tdf
    Info: Found entity 1: lpm_abs_6v9
Info: Elaborated megafunction instantiation "Bin2Dec:b2d_inst|lpm_divide:Mod1"
Info: Instantiated megafunction "Bin2Dec:b2d_inst|lpm_divide:Mod1" with the following parameter:
    Info: Parameter "LPM_WIDTHN" = "11"
    Info: Parameter "LPM_WIDTHD" = "8"
    Info: Parameter "LPM_NREPRESENTATION" = "SIGNED"
    Info: Parameter "LPM_DREPRESENTATION" = "SIGNED"
    Info: Parameter "LPM_HINT" = "LPM_REMAINDERPOSITIVE=FALSE"
Info: Found 1 design units, including 1 entities, in source file db/lpm_divide_jno.tdf
    Info: Found entity 1: lpm_divide_jno
Info: Found 1 design units, including 1 entities, in source file db/abs_divider_kbg.tdf
    Info: Found entity 1: abs_divider_kbg
Info: Found 1 design units, including 1 entities, in source file db/alt_u_div_t5f.tdf
    Info: Found entity 1: alt_u_div_t5f
Info: Found 1 design units, including 1 entities, in source file db/lpm_abs_st9.tdf
    Info: Found entity 1: lpm_abs_st9
Info: Elaborated megafunction instantiation "Bin2Dec:b2d_inst|lpm_divide:Div2"
Info: Instantiated megafunction "Bin2Dec:b2d_inst|lpm_divide:Div2" with the following parameter:
    Info: Parameter "LPM_WIDTHN" = "8"
    Info: Parameter "LPM_WIDTHD" = "5"
    Info: Parameter "LPM_NREPRESENTATION" = "SIGNED"
    Info: Parameter "LPM_DREPRESENTATION" = "SIGNED"
    Info: Parameter "LPM_HINT" = "LPM_REMAINDERPOSITIVE=FALSE"
Info: Found 1 design units, including 1 entities, in source file db/lpm_divide_3uo.tdf
    Info: Found entity 1: lpm_divide_3uo
Info: Found 1 design units, including 1 entities, in source file db/abs_divider_7ag.tdf
    Info: Found entity 1: abs_divider_7ag
Info: Found 1 design units, including 1 entities, in source file db/alt_u_div_33f.tdf
    Info: Found entity 1: alt_u_div_33f
Info: Elaborated megafunction instantiation "Bin2Dec:b2d_inst|lpm_divide:Mod0"
Info: Instantiated megafunction "Bin2Dec:b2d_inst|lpm_divide:Mod0" with the following parameter:
    Info: Parameter "LPM_WIDTHN" = "11"
    Info: Parameter "LPM_WIDTHD" = "11"
    Info: Parameter "LPM_NREPRESENTATION" = "SIGNED"
    Info: Parameter "LPM_DREPRESENTATION" = "SIGNED"
    Info: Parameter "LPM_HINT" = "LPM_REMAINDERPOSITIVE=FALSE"
Info: Found 1 design units, including 1 entities, in source file db/lpm_divide_too.tdf
    Info: Found entity 1: lpm_divide_too
Info: Found 1 design units, including 1 entities, in source file db/abs_divider_ucg.tdf
    Info: Found entity 1: abs_divider_ucg
Info: Found 1 design units, including 1 entities, in source file db/alt_u_div_h8f.tdf
    Info: Found entity 1: alt_u_div_h8f
Info: Elaborated megafunction instantiation "Bin2Dec:b2d_inst|lpm_divide:Div1"
Info: Instantiated megafunction "Bin2Dec:b2d_inst|lpm_divide:Div1" with the following parameter:
    Info: Parameter "LPM_WIDTHN" = "11"
    Info: Parameter "LPM_WIDTHD" = "8"
    Info: Parameter "LPM_NREPRESENTATION" = "SIGNED"
    Info: Parameter "LPM_DREPRESENTATION" = "SIGNED"
    Info: Parameter "LPM_HINT" = "LPM_REMAINDERPOSITIVE=FALSE"
Info: Found 1 design units, including 1 entities, in source file db/lpm_divide_gvo.tdf
    Info: Found entity 1: lpm_divide_gvo
Info: Elaborated megafunction instantiation "Bin2Dec:b2d_inst|lpm_divide:Div0"
Info: Instantiated megafunction "Bin2Dec:b2d_inst|lpm_divide:Div0" with the following parameter:
    Info: Parameter "LPM_WIDTHN" = "11"
    Info: Parameter "LPM_WIDTHD" = "11"
    Info: Parameter "LPM_NREPRESENTATION" = "SIGNED"
    Info: Parameter "LPM_DREPRESENTATION" = "SIGNED"
    Info: Parameter "LPM_HINT" = "LPM_REMAINDERPOSITIVE=FALSE"
Info: Found 1 design units, including 1 entities, in source file db/lpm_divide_q0p.tdf
    Info: Found entity 1: lpm_divide_q0p
Warning: Output pins are stuck at VCC or GND
    Warning (13410): Pin "Seg7[7]" is stuck at VCC
    Warning (13410): Pin "Seg7[15]" is stuck at VCC
    Warning (13410): Pin "Seg7[23]" is stuck at VCC
    Warning (13410): Pin "Seg7[25]" is stuck at GND
    Warning (13410): Pin "Seg7[26]" is stuck at GND
    Warning (13410): Pin "Seg7[30]" is stuck at VCC
    Warning (13410): Pin "Seg7[31]" is stuck at VCC
Info: Timing-Driven Synthesis is running
Info: Generating hard_block partition "hard_block:auto_generated_inst"
Info: Implemented 524 device resources after synthesis - the final resource count might be different
    Info: Implemented 10 input pins
    Info: Implemented 32 output pins
    Info: Implemented 482 logic cells
Info: Quartus II Analysis & Synthesis was successful. 0 errors, 9 warnings
    Info: Peak virtual memory: 297 megabytes
    Info: Processing ended: Tue Mar 01 16:15:36 2016
    Info: Elapsed time: 00:00:23
    Info: Total CPU time (on all processors): 00:00:04


